<?xml version="1.0" encoding="UTF-8"?>
<testng-results ignored="0" total="1" passed="1" failed="0" skipped="0">
  <reporter-output>
  </reporter-output>
  <suite started-at="2025-02-02T18:08:24 IST" name="Default suite" finished-at="2025-02-02T18:08:36 IST" duration-ms="11721">
    <groups>
    </groups>
    <test started-at="2025-02-02T18:08:24 IST" name="Default test" finished-at="2025-02-02T18:08:36 IST" duration-ms="11721">
      <class name="com.qa.Tests.LoginAutomation">
        <test-method is-config="true" signature="setup()[pri:0, instance:com.qa.Tests.LoginAutomation@35d019a3]" started-at="2025-02-02T18:08:24 IST" name="setup" finished-at="2025-02-02T18:08:31 IST" duration-ms="6350" status="PASS">
          <reporter-output>
          </reporter-output>
        </test-method> <!-- setup -->
        <test-method signature="LoginAndupdateResume()[pri:0, instance:com.qa.Tests.LoginAutomation@35d019a3]" started-at="2025-02-02T18:08:31 IST" name="LoginAndupdateResume" finished-at="2025-02-02T18:08:35 IST" duration-ms="4406" status="PASS">
          <reporter-output>
          </reporter-output>
        </test-method> <!-- LoginAndupdateResume -->
        <test-method is-config="true" signature="tearDown()[pri:0, instance:com.qa.Tests.LoginAutomation@35d019a3]" started-at="2025-02-02T18:08:35 IST" name="tearDown" finished-at="2025-02-02T18:08:36 IST" duration-ms="910" status="PASS">
          <reporter-output>
          </reporter-output>
        </test-method> <!-- tearDown -->
      </class> <!-- com.qa.Tests.LoginAutomation -->
    </test> <!-- Default test -->
  </suite> <!-- Default suite -->
</testng-results>
